Using pre-set license
Built from '2020.3/release' branch; Version is '2020.3.31f1 (6b54b7616050) revision 7034039'; Using compiler version '192528614'; Build Type 'Release'
OS: 'Windows 10  (10.0.19043) 64bit Core' Language: 'es' Physical Memory: 15305 MB
BatchMode: 1, IsHumanControllingUs: 0, StartBugReporterOnCrash: 0, Is64bit: 1, IsPro: 0

COMMAND LINE ARGUMENTS:
C:\Program Files\Unity\Hub\Editor\2020.3.31f1\Editor\Unity.exe
-adb2
-batchMode
-noUpm
-name
AssetImportWorker0
-projectPath
C:/Users/ASUS/Taller 3
-logFile
Logs/AssetImportWorker0.log
-srvPort
59187
Successfully changed project path to: C:/Users/ASUS/Taller 3
C:/Users/ASUS/Taller 3
Using Asset Import Pipeline V2.
Refreshing native plugins compatible for Editor in 74.66 ms, found 3 plugins.
Preloading 0 native plugins for Editor in 0.00 ms.
Initialize engine version: 2020.3.31f1 (6b54b7616050)
[Subsystems] Discovering subsystems at path C:/Program Files/Unity/Hub/Editor/2020.3.31f1/Editor/Data/Resources/UnitySubsystems
[Subsystems] Discovering subsystems at path C:/Users/ASUS/Taller 3/Assets
GfxDevice: creating device client; threaded=0
Direct3D:
    Version:  Direct3D 11.0 [level 11.1]
    Renderer: AMD Radeon(TM) Vega 8 Mobile Graphics (ID=0x15dd)
    Vendor:   
    VRAM:     7652 MB
    Driver:   27.20.22002.57
Initialize mono
Mono path[0] = 'C:/Program Files/Unity/Hub/Editor/2020.3.31f1/Editor/Data/Managed'
Mono path[1] = 'C:/Program Files/Unity/Hub/Editor/2020.3.31f1/Editor/Data/MonoBleedingEdge/lib/mono/unityjit'
Mono config path = 'C:/Program Files/Unity/Hub/Editor/2020.3.31f1/Editor/Data/MonoBleedingEdge/etc'
Using monoOptions --debugger-agent=transport=dt_socket,embedding=1,server=y,suspend=n,address=127.0.0.1:56756
Begin MonoManager ReloadAssembly
Registering precompiled unity dll's ...
Register platform support module: C:/Program Files/Unity/Hub/Editor/2020.3.31f1/Editor/Data/PlaybackEngines/WebGLSupport/UnityEditor.WebGL.Extensions.dll
Register platform support module: C:/Program Files/Unity/Hub/Editor/2020.3.31f1/Editor/Data/PlaybackEngines/WindowsStandaloneSupport/UnityEditor.WindowsStandalone.Extensions.dll
Registered in 0.004110 seconds.
Native extension for WindowsStandalone target not found
Native extension for WebGL target not found
Refreshing native plugins compatible for Editor in 62.87 ms, found 3 plugins.
Preloading 0 native plugins for Editor in 0.00 ms.
Mono: successfully reloaded assembly
- Completed reload, in  0.948 seconds
Domain Reload Profiling:
	ReloadAssembly (948ms)
		BeginReloadAssembly (111ms)
			ExecutionOrderSort (0ms)
			DisableScriptedObjects (0ms)
			BackupInstance (0ms)
			ReleaseScriptingObjects (0ms)
			CreateAndSetChildDomain (1ms)
		EndReloadAssembly (709ms)
			LoadAssemblies (107ms)
			RebuildTransferFunctionScriptingTraits (0ms)
			SetupTypeCache (231ms)
			ReleaseScriptCaches (0ms)
			RebuildScriptCaches (41ms)
			SetupLoadedEditorAssemblies (283ms)
				LogAssemblyErrors (0ms)
				InitializePlatformSupportModulesInManaged (8ms)
				SetLoadedEditorAssemblies (0ms)
				RefreshPlugins (63ms)
				BeforeProcessingInitializeOnLoad (15ms)
				ProcessInitializeOnLoadAttributes (145ms)
				ProcessInitializeOnLoadMethodAttributes (52ms)
				AfterProcessingInitializeOnLoad (0ms)
				EditorAssembliesLoaded (0ms)
			ExecutionOrderSort2 (0ms)
			AwakeInstancesAfterBackupRestoration (0ms)
Platform modules already initialized, skipping
Registering precompiled user dll's ...
Registered in 0.008098 seconds.
Begin MonoManager ReloadAssembly
Native extension for WindowsStandalone target not found
Native extension for WebGL target not found
Refreshing native plugins compatible for Editor in 61.34 ms, found 3 plugins.
Preloading 0 native plugins for Editor in 0.00 ms.
Mono: successfully reloaded assembly
- Completed reload, in  1.869 seconds
Domain Reload Profiling:
	ReloadAssembly (1871ms)
		BeginReloadAssembly (265ms)
			ExecutionOrderSort (0ms)
			DisableScriptedObjects (9ms)
			BackupInstance (0ms)
			ReleaseScriptingObjects (0ms)
			CreateAndSetChildDomain (33ms)
		EndReloadAssembly (1490ms)
			LoadAssemblies (159ms)
			RebuildTransferFunctionScriptingTraits (0ms)
			SetupTypeCache (531ms)
			ReleaseScriptCaches (1ms)
			RebuildScriptCaches (68ms)
			SetupLoadedEditorAssemblies (529ms)
				LogAssemblyErrors (0ms)
				InitializePlatformSupportModulesInManaged (8ms)
				SetLoadedEditorAssemblies (0ms)
				RefreshPlugins (62ms)
				BeforeProcessingInitializeOnLoad (121ms)
				ProcessInitializeOnLoadAttributes (299ms)
				ProcessInitializeOnLoadMethodAttributes (27ms)
				AfterProcessingInitializeOnLoad (12ms)
				EditorAssembliesLoaded (0ms)
			ExecutionOrderSort2 (0ms)
			AwakeInstancesAfterBackupRestoration (9ms)
Platform modules already initialized, skipping
========================================================================
Worker process is ready to serve import requests
Launched and connected shader compiler UnityShaderCompiler.exe after 0.11 seconds
Refreshing native plugins compatible for Editor in 0.65 ms, found 3 plugins.
Preloading 0 native plugins for Editor in 0.00 ms.
Unloading 2200 Unused Serialized files (Serialized files now loaded: 0)
System memory in use before: 97.0 MB.
System memory in use after: 96.9 MB.

Unloading 31 unused Assets to reduce memory usage. Loaded Objects now: 2631.
Total: 4.913000 ms (FindLiveObjects: 0.267100 ms CreateObjectMapping: 0.081800 ms MarkObjects: 4.346600 ms  DeleteObjects: 0.215500 ms)

AssetImportParameters requested are different than current active one (requested -> active):
  custom:framework-win-MediaFoundation: 216162199b28c13a410421893ffa2e32 -> 
  custom:video-decoder-ogg-theora: a1e56fd34408186e4bbccfd4996cb3dc -> 
  custom:container-muxer-webm: aa71ff27fc2769a1b78a27578f13a17b -> 
  custom:container-demuxer-webm: 4f35f7cbe854078d1ac9338744f61a02 -> 
  custom:container-demuxer-ogg: 62fdf1f143b41e24485cea50d1cbac27 -> 
  custom:video-encoder-webm-vp8: eb34c28f22e8b96e1ab97ce403110664 -> 
  custom:video-decoder-webm-vp8: 9c59270c3fd7afecdb556c50c9e8de78 -> 
  custom:audio-decoder-ogg-vorbis: bf7c407c2cedff20999df2af8eb42d56 -> 
  custom:audio-encoder-webm-vorbis: bf7c407c2cedff20999df2af8eb42d56 -> 
========================================================================
Received Import Request.
  path: Assets/Packables/TileMaps/Tiles/tileGrass_roadEast.asset
  artifactKey: Guid(bfaaac19d9da500479a5f4eada1c3c5a) Importer(815301076,1909f56bfc062723c751e8b465ee728b)
Start importing Assets/Packables/TileMaps/Tiles/tileGrass_roadEast.asset using Guid(bfaaac19d9da500479a5f4eada1c3c5a) Importer(815301076,1909f56bfc062723c751e8b465ee728b)  -> (artifact id: 'cc25dabd5250007b20036a499c3aadc2') in 0.151735 seconds 
========================================================================
Received Import Request.
  Time since last request: 0.000725 seconds.
  path: Assets/Packables/TileMaps/Tiles/tileGrass2.asset
  artifactKey: Guid(04ae77a8c8efd164faecc5115a4e153a) Importer(815301076,1909f56bfc062723c751e8b465ee728b)
Start importing Assets/Packables/TileMaps/Tiles/tileGrass2.asset using Guid(04ae77a8c8efd164faecc5115a4e153a) Importer(815301076,1909f56bfc062723c751e8b465ee728b)  -> (artifact id: 'c065ecff6dd5041bed5b302cdde9236b') in 0.027918 seconds 
========================================================================
Received Import Request.
  Time since last request: 0.000820 seconds.
  path: Assets/Packables/TileMaps/Tiles/tileGrass_roadTransitionE_dirt.asset
  artifactKey: Guid(bb733acab8b2ac8419f49da42ac6f7a4) Importer(815301076,1909f56bfc062723c751e8b465ee728b)
Start importing Assets/Packables/TileMaps/Tiles/tileGrass_roadTransitionE_dirt.asset using Guid(bb733acab8b2ac8419f49da42ac6f7a4) Importer(815301076,1909f56bfc062723c751e8b465ee728b)  -> (artifact id: '4493fb1a9b2f13d13d65b243b5c0251b') in 0.020285 seconds 
========================================================================
Received Import Request.
  Time since last request: 0.000767 seconds.
  path: Assets/Packables/TileMaps/Tiles/tileSand_roadCrossing.asset
  artifactKey: Guid(3ef003d5fb7216147a53c99bd48da16c) Importer(815301076,1909f56bfc062723c751e8b465ee728b)
Start importing Assets/Packables/TileMaps/Tiles/tileSand_roadCrossing.asset using Guid(3ef003d5fb7216147a53c99bd48da16c) Importer(815301076,1909f56bfc062723c751e8b465ee728b)  -> (artifact id: '9daa1e157395229a3c2f18618ceab6ec') in 0.017118 seconds 
========================================================================
Received Import Request.
  Time since last request: 0.000981 seconds.
  path: Assets/Packables/TileMaps/Tiles/tileGrass_roadCornerUL.asset
  artifactKey: Guid(d7f87aecdbba5774986be6545285cd10) Importer(815301076,1909f56bfc062723c751e8b465ee728b)
Start importing Assets/Packables/TileMaps/Tiles/tileGrass_roadCornerUL.asset using Guid(d7f87aecdbba5774986be6545285cd10) Importer(815301076,1909f56bfc062723c751e8b465ee728b)  -> (artifact id: 'c1180c6b0112f78e3081c7c30f2ab5bc') in 0.019207 seconds 
========================================================================
Received Import Request.
  Time since last request: 0.000728 seconds.
  path: Assets/Packables/TileMaps/Tiles/tileGrass_roadCornerUR.asset
  artifactKey: Guid(1703530fc42efea4eb4ab795aa37edb7) Importer(815301076,1909f56bfc062723c751e8b465ee728b)
Start importing Assets/Packables/TileMaps/Tiles/tileGrass_roadCornerUR.asset using Guid(1703530fc42efea4eb4ab795aa37edb7) Importer(815301076,1909f56bfc062723c751e8b465ee728b)  -> (artifact id: 'fdf4e59c4576721a33cc53b9b3679a1c') in 0.016382 seconds 
========================================================================
Received Import Request.
  Time since last request: 0.000615 seconds.
  path: Assets/Packables/TileMaps/Tiles/tileGrass_roadCrossingRound.asset
  artifactKey: Guid(a7076c864cc69e244a64f7c7cc1403f3) Importer(815301076,1909f56bfc062723c751e8b465ee728b)
Start importing Assets/Packables/TileMaps/Tiles/tileGrass_roadCrossingRound.asset using Guid(a7076c864cc69e244a64f7c7cc1403f3) Importer(815301076,1909f56bfc062723c751e8b465ee728b)  -> (artifact id: 'c6b7738aedf072a7b4c38957645796f9') in 0.018038 seconds 
========================================================================
Received Import Request.
  Time since last request: 0.000700 seconds.
  path: Assets/Packables/TileMaps/Tiles/tileGrass_roadTransitionE.asset
  artifactKey: Guid(438edc1bcb0b97f469c6a68524229b05) Importer(815301076,1909f56bfc062723c751e8b465ee728b)
Start importing Assets/Packables/TileMaps/Tiles/tileGrass_roadTransitionE.asset using Guid(438edc1bcb0b97f469c6a68524229b05) Importer(815301076,1909f56bfc062723c751e8b465ee728b)  -> (artifact id: '6dce1d2e05fa52872fdc33acdf0202ab') in 0.018534 seconds 
========================================================================
Received Import Request.
  Time since last request: 0.000556 seconds.
  path: Assets/Packables/TileMaps/Tiles/tileSand_roadSplitS.asset
  artifactKey: Guid(4cf16a8f7d5f38241b8c2c9d506a76bd) Importer(815301076,1909f56bfc062723c751e8b465ee728b)
Start importing Assets/Packables/TileMaps/Tiles/tileSand_roadSplitS.asset using Guid(4cf16a8f7d5f38241b8c2c9d506a76bd) Importer(815301076,1909f56bfc062723c751e8b465ee728b)  -> (artifact id: '4af1ff3353d0a53469d9094496a23c4e') in 0.018295 seconds 
========================================================================
Received Import Request.
  Time since last request: 0.000660 seconds.
  path: Assets/Packables/TileMaps/Tiles/tileGrass_roadNorth.asset
  artifactKey: Guid(00434b2ca6427e840a87aa72a352c87f) Importer(815301076,1909f56bfc062723c751e8b465ee728b)
Start importing Assets/Packables/TileMaps/Tiles/tileGrass_roadNorth.asset using Guid(00434b2ca6427e840a87aa72a352c87f) Importer(815301076,1909f56bfc062723c751e8b465ee728b)  -> (artifact id: 'da847807541569a819b80710bb2f13e5') in 0.016098 seconds 
========================================================================
Received Import Request.
  Time since last request: 0.000530 seconds.
  path: Assets/Packables/TileMaps/Tiles/tileSand1.asset
  artifactKey: Guid(2ba177a20df6d5948bed5ba2354322cf) Importer(815301076,1909f56bfc062723c751e8b465ee728b)
Start importing Assets/Packables/TileMaps/Tiles/tileSand1.asset using Guid(2ba177a20df6d5948bed5ba2354322cf) Importer(815301076,1909f56bfc062723c751e8b465ee728b)  -> (artifact id: 'dee1b9571e390932df98dafece7bbf6b') in 0.015856 seconds 
========================================================================
Received Import Request.
  Time since last request: 0.000515 seconds.
  path: Assets/Packables/TileMaps/Tiles/tileSand_roadSplitN.asset
  artifactKey: Guid(485c401abd57ebe4ba33b4bc397543c8) Importer(815301076,1909f56bfc062723c751e8b465ee728b)
Start importing Assets/Packables/TileMaps/Tiles/tileSand_roadSplitN.asset using Guid(485c401abd57ebe4ba33b4bc397543c8) Importer(815301076,1909f56bfc062723c751e8b465ee728b)  -> (artifact id: 'e701d04474a571749f1f50a6daba2280') in 0.016013 seconds 
========================================================================
Received Import Request.
  Time since last request: 0.000599 seconds.
  path: Assets/Packables/TileMaps/Tiles/tileGrass_roadSplitE.asset
  artifactKey: Guid(7553a81ddfbfbe347bdd0406f47a2022) Importer(815301076,1909f56bfc062723c751e8b465ee728b)
Start importing Assets/Packables/TileMaps/Tiles/tileGrass_roadSplitE.asset using Guid(7553a81ddfbfbe347bdd0406f47a2022) Importer(815301076,1909f56bfc062723c751e8b465ee728b)  -> (artifact id: 'cbc64ba59c1efadb0fed952a9309e188') in 0.016230 seconds 
========================================================================
Received Import Request.
  Time since last request: 0.000633 seconds.
  path: Assets/Packables/TileMaps/Tiles/tileGrass_transitionE.asset
  artifactKey: Guid(541fb01997060a144b39e27e41a0f18b) Importer(815301076,1909f56bfc062723c751e8b465ee728b)
Start importing Assets/Packables/TileMaps/Tiles/tileGrass_transitionE.asset using Guid(541fb01997060a144b39e27e41a0f18b) Importer(815301076,1909f56bfc062723c751e8b465ee728b)  -> (artifact id: 'c951af8fe08d56ba7a6f9f31cdc02b6b') in 0.017565 seconds 
========================================================================
Received Import Request.
  Time since last request: 0.000552 seconds.
  path: Assets/Packables/TileMaps/Tiles/tileGrass_roadCornerLR.asset
  artifactKey: Guid(1ad08294126a08840bfe66b47b498798) Importer(815301076,1909f56bfc062723c751e8b465ee728b)
Start importing Assets/Packables/TileMaps/Tiles/tileGrass_roadCornerLR.asset using Guid(1ad08294126a08840bfe66b47b498798) Importer(815301076,1909f56bfc062723c751e8b465ee728b)  -> (artifact id: 'a13be80fa91d68555dfd09e2426f94b2') in 0.017568 seconds 
========================================================================
Received Import Request.
  Time since last request: 0.000656 seconds.
  path: Assets/Packables/TileMaps/Tiles/tileSand_roadNorth.asset
  artifactKey: Guid(753285dab300b774f8d718ffa9fe1d4b) Importer(815301076,1909f56bfc062723c751e8b465ee728b)
Start importing Assets/Packables/TileMaps/Tiles/tileSand_roadNorth.asset using Guid(753285dab300b774f8d718ffa9fe1d4b) Importer(815301076,1909f56bfc062723c751e8b465ee728b)  -> (artifact id: '13f25a0cfbbe7894ce0a0e99f7dc769b') in 0.017579 seconds 
========================================================================
Received Import Request.
  Time since last request: 0.000710 seconds.
  path: Assets/Packables/TileMaps/Tiles/tileGrass_roadCornerLL.asset
  artifactKey: Guid(3f94dbc410008554eba37544b6f59770) Importer(815301076,1909f56bfc062723c751e8b465ee728b)
Start importing Assets/Packables/TileMaps/Tiles/tileGrass_roadCornerLL.asset using Guid(3f94dbc410008554eba37544b6f59770) Importer(815301076,1909f56bfc062723c751e8b465ee728b)  -> (artifact id: 'd47e4137f63e6dc7391549110d20ad08') in 0.017175 seconds 
========================================================================
Received Import Request.
  Time since last request: 0.000537 seconds.
  path: Assets/Packables/TileMaps/Tiles/tileGrass_roadCrossing.asset
  artifactKey: Guid(4c14b8645d980604b8845e0228cae653) Importer(815301076,1909f56bfc062723c751e8b465ee728b)
Start importing Assets/Packables/TileMaps/Tiles/tileGrass_roadCrossing.asset using Guid(4c14b8645d980604b8845e0228cae653) Importer(815301076,1909f56bfc062723c751e8b465ee728b)  -> (artifact id: '0eeaa94191b25dadf9ecf5db0ac465cb') in 0.016560 seconds 
========================================================================
Received Import Request.
  Time since last request: 0.000715 seconds.
  path: Assets/Packables/TileMaps/Tiles/tileGrass1.asset
  artifactKey: Guid(19a962bc5c916a643ad0ad6965348de5) Importer(815301076,1909f56bfc062723c751e8b465ee728b)
Start importing Assets/Packables/TileMaps/Tiles/tileGrass1.asset using Guid(19a962bc5c916a643ad0ad6965348de5) Importer(815301076,1909f56bfc062723c751e8b465ee728b)  -> (artifact id: 'ef9f68433233c6e8f828fda0767bdb36') in 0.015498 seconds 
========================================================================
Received Import Request.
  Time since last request: 0.000651 seconds.
  path: Assets/Packables/TileMaps/Tiles/tileSand_roadCornerUR.asset
  artifactKey: Guid(49a4c3d9cd7fc22488562e7baefbe28a) Importer(815301076,1909f56bfc062723c751e8b465ee728b)
Start importing Assets/Packables/TileMaps/Tiles/tileSand_roadCornerUR.asset using Guid(49a4c3d9cd7fc22488562e7baefbe28a) Importer(815301076,1909f56bfc062723c751e8b465ee728b)  -> (artifact id: '1ee63e75bf1257abd932cd5cd5678fd0') in 0.016254 seconds 
========================================================================
Received Import Request.
  Time since last request: 0.000624 seconds.
  path: Assets/Packables/TileMaps/Tiles/tileSand_roadCornerLR.asset
  artifactKey: Guid(b213b5530821b1143874efa3898db826) Importer(815301076,1909f56bfc062723c751e8b465ee728b)
Start importing Assets/Packables/TileMaps/Tiles/tileSand_roadCornerLR.asset using Guid(b213b5530821b1143874efa3898db826) Importer(815301076,1909f56bfc062723c751e8b465ee728b)  -> (artifact id: '6c04579194d555f8edc15c466a7cb2a8') in 0.016252 seconds 
========================================================================
Received Import Request.
  Time since last request: 0.000565 seconds.
  path: Assets/Packables/TileMaps/Tiles/tileGrass_roadSplitS.asset
  artifactKey: Guid(2da4bd6d41e78d348b8d68ba5cc464ee) Importer(815301076,1909f56bfc062723c751e8b465ee728b)
Start importing Assets/Packables/TileMaps/Tiles/tileGrass_roadSplitS.asset using Guid(2da4bd6d41e78d348b8d68ba5cc464ee) Importer(815301076,1909f56bfc062723c751e8b465ee728b)  -> (artifact id: 'decd1a03aabdb659d27893f90ef5b6e5') in 0.016867 seconds 
========================================================================
Received Import Request.
  Time since last request: 0.000602 seconds.
  path: Assets/Packables/TileMaps/Tiles/tileSand2.asset
  artifactKey: Guid(e1dac1b272aecc643b271415d2c17b2f) Importer(815301076,1909f56bfc062723c751e8b465ee728b)
Start importing Assets/Packables/TileMaps/Tiles/tileSand2.asset using Guid(e1dac1b272aecc643b271415d2c17b2f) Importer(815301076,1909f56bfc062723c751e8b465ee728b)  -> (artifact id: 'e8e10508bd6d14423b58cd1988e76e64') in 0.018389 seconds 
========================================================================
Received Import Request.
  Time since last request: 0.000527 seconds.
  path: Assets/Packables/TileMaps/Tiles/tileSand_roadCornerLL.asset
  artifactKey: Guid(7bc61eabd83794a4c8a36cc62947564f) Importer(815301076,1909f56bfc062723c751e8b465ee728b)
Start importing Assets/Packables/TileMaps/Tiles/tileSand_roadCornerLL.asset using Guid(7bc61eabd83794a4c8a36cc62947564f) Importer(815301076,1909f56bfc062723c751e8b465ee728b)  -> (artifact id: '14e79a62e65441894b02d722ec0cf974') in 0.016119 seconds 
========================================================================
Received Import Request.
  Time since last request: 0.000473 seconds.
  path: Assets/Packables/TileMaps/Tiles/tileSand_roadEast.asset
  artifactKey: Guid(4dde76e417bb4114aa41ed596e10d390) Importer(815301076,1909f56bfc062723c751e8b465ee728b)
Start importing Assets/Packables/TileMaps/Tiles/tileSand_roadEast.asset using Guid(4dde76e417bb4114aa41ed596e10d390) Importer(815301076,1909f56bfc062723c751e8b465ee728b)  -> (artifact id: '83b4927d431e57c78c898811a33a84b0') in 0.015707 seconds 
========================================================================
Received Import Request.
  Time since last request: 0.000687 seconds.
  path: Assets/Packables/TileMaps/Tiles/tileSand_roadSplitW.asset
  artifactKey: Guid(763684ddd6035c1419f4b3d709e88563) Importer(815301076,1909f56bfc062723c751e8b465ee728b)
Start importing Assets/Packables/TileMaps/Tiles/tileSand_roadSplitW.asset using Guid(763684ddd6035c1419f4b3d709e88563) Importer(815301076,1909f56bfc062723c751e8b465ee728b)  -> (artifact id: '1373cd2951028a39ecc650933da30b08') in 0.015824 seconds 
========================================================================
Received Import Request.
  Time since last request: 519.020277 seconds.
  path: Assets/Packables/Sprites/Tiles/tileGrass1.png
  artifactKey: Guid(bfab793df03d5db4a8b992d53cc32e9b) Importer(815301076,1909f56bfc062723c751e8b465ee728b)
Start importing Assets/Packables/Sprites/Tiles/tileGrass1.png using Guid(bfab793df03d5db4a8b992d53cc32e9b) Importer(815301076,1909f56bfc062723c751e8b465ee728b)  -> (artifact id: '2056699377c1ce2b6efa370a41c33188') in 0.131802 seconds 
========================================================================
Received Import Request.
  Time since last request: 0.000498 seconds.
  path: Assets/Packables/Sprites/Tiles/tileSand_roadCornerUR.png
  artifactKey: Guid(67f799005139e3b4593706c060838aff) Importer(815301076,1909f56bfc062723c751e8b465ee728b)
Start importing Assets/Packables/Sprites/Tiles/tileSand_roadCornerUR.png using Guid(67f799005139e3b4593706c060838aff) Importer(815301076,1909f56bfc062723c751e8b465ee728b)  -> (artifact id: '4f1ecdff47e6498cfce3f115ef7f7328') in 0.019117 seconds 
========================================================================
Received Import Request.
  Time since last request: 0.000723 seconds.
  path: Assets/Packables/Sprites/Tiles/tileSand_roadCornerLL.png
  artifactKey: Guid(3436bbef497e1b341b91eb2ae8d62aed) Importer(815301076,1909f56bfc062723c751e8b465ee728b)
Start importing Assets/Packables/Sprites/Tiles/tileSand_roadCornerLL.png using Guid(3436bbef497e1b341b91eb2ae8d62aed) Importer(815301076,1909f56bfc062723c751e8b465ee728b)  -> (artifact id: 'c5c64c11ad47d17abf3ccf04013dc7b0') in 0.021537 seconds 
========================================================================
Received Import Request.
  Time since last request: 0.000624 seconds.
  path: Assets/Packables/Sprites/Tiles/tileSand_roadCornerLR.png
  artifactKey: Guid(192403bc576acfe42a4567a05ed8f767) Importer(815301076,1909f56bfc062723c751e8b465ee728b)
Start importing Assets/Packables/Sprites/Tiles/tileSand_roadCornerLR.png using Guid(192403bc576acfe42a4567a05ed8f767) Importer(815301076,1909f56bfc062723c751e8b465ee728b)  -> (artifact id: '01629003f0208bae53d8844a6a07d12d') in 0.020691 seconds 
========================================================================
Received Import Request.
  Time since last request: 0.000485 seconds.
  path: Assets/Packables/Sprites/Tiles/tileGrass_roadCrossingRound.png
  artifactKey: Guid(f21020e8b96ac6f4cb53eddd75ac9d6a) Importer(815301076,1909f56bfc062723c751e8b465ee728b)
Start importing Assets/Packables/Sprites/Tiles/tileGrass_roadCrossingRound.png using Guid(f21020e8b96ac6f4cb53eddd75ac9d6a) Importer(815301076,1909f56bfc062723c751e8b465ee728b)  -> (artifact id: 'f8e3a01653d92acb0beb27a1ca8ef74f') in 0.020594 seconds 
========================================================================
Received Import Request.
  Time since last request: 0.000607 seconds.
  path: Assets/Packables/Sprites/Tiles/tileGrass_roadCornerLL.png
  artifactKey: Guid(d90998ed4c507e74884acd7b9659a165) Importer(815301076,1909f56bfc062723c751e8b465ee728b)
Start importing Assets/Packables/Sprites/Tiles/tileGrass_roadCornerLL.png using Guid(d90998ed4c507e74884acd7b9659a165) Importer(815301076,1909f56bfc062723c751e8b465ee728b)  -> (artifact id: '2b2b4d14f13485d129b9c69707c008b1') in 0.020482 seconds 
========================================================================
Received Import Request.
  Time since last request: 0.000524 seconds.
  path: Assets/Packables/Sprites/Tiles/tileGrass_roadTransitionE_dirt.png
  artifactKey: Guid(4fb0153e861984048a5b55953318d27b) Importer(815301076,1909f56bfc062723c751e8b465ee728b)
Start importing Assets/Packables/Sprites/Tiles/tileGrass_roadTransitionE_dirt.png using Guid(4fb0153e861984048a5b55953318d27b) Importer(815301076,1909f56bfc062723c751e8b465ee728b)  -> (artifact id: '918f2795bf69f490065be12624ca8cfa') in 0.020770 seconds 
========================================================================
Received Import Request.
  Time since last request: 0.000687 seconds.
  path: Assets/Packables/Sprites/Tiles/tileGrass_transitionE.png
  artifactKey: Guid(ba3cbe827c951a744a2432270261d14b) Importer(815301076,1909f56bfc062723c751e8b465ee728b)
Start importing Assets/Packables/Sprites/Tiles/tileGrass_transitionE.png using Guid(ba3cbe827c951a744a2432270261d14b) Importer(815301076,1909f56bfc062723c751e8b465ee728b)  -> (artifact id: '0187cee15baacf041dde0818a6b5e6ae') in 0.020577 seconds 
========================================================================
Received Import Request.
  Time since last request: 0.000666 seconds.
  path: Assets/Packables/Sprites/Tiles/tileGrass2.png
  artifactKey: Guid(b9c5f2e019bb2fc45b068a0ac9206980) Importer(815301076,1909f56bfc062723c751e8b465ee728b)
Start importing Assets/Packables/Sprites/Tiles/tileGrass2.png using Guid(b9c5f2e019bb2fc45b068a0ac9206980) Importer(815301076,1909f56bfc062723c751e8b465ee728b)  -> (artifact id: '7b5e7e6aae67fa42774313b580f946ad') in 0.024871 seconds 
========================================================================
Received Import Request.
  Time since last request: 0.000605 seconds.
  path: Assets/Packables/Sprites/Tiles/tileGrass_roadTransitionE.png
  artifactKey: Guid(71de9265f2b57314794e29e001f1a2ff) Importer(815301076,1909f56bfc062723c751e8b465ee728b)
Start importing Assets/Packables/Sprites/Tiles/tileGrass_roadTransitionE.png using Guid(71de9265f2b57314794e29e001f1a2ff) Importer(815301076,1909f56bfc062723c751e8b465ee728b)  -> (artifact id: '87479ee4aa1b989c54586a77302a8a4e') in 0.018793 seconds 
========================================================================
Received Import Request.
  Time since last request: 0.000552 seconds.
  path: Assets/Packables/Sprites/Tiles/tileSand_roadSplitS.png
  artifactKey: Guid(5ec7cfde0d6fdb24680977fec352faa6) Importer(815301076,1909f56bfc062723c751e8b465ee728b)
Start importing Assets/Packables/Sprites/Tiles/tileSand_roadSplitS.png using Guid(5ec7cfde0d6fdb24680977fec352faa6) Importer(815301076,1909f56bfc062723c751e8b465ee728b)  -> (artifact id: '4511bf9db999a928f515e71d9ca2108b') in 0.021324 seconds 
========================================================================
Received Import Request.
  Time since last request: 0.000566 seconds.
  path: Assets/Packables/Sprites/Tiles/tileGrass_roadCrossing.png
  artifactKey: Guid(395b08d3943363f4199f5ee37acb8a98) Importer(815301076,1909f56bfc062723c751e8b465ee728b)
Start importing Assets/Packables/Sprites/Tiles/tileGrass_roadCrossing.png using Guid(395b08d3943363f4199f5ee37acb8a98) Importer(815301076,1909f56bfc062723c751e8b465ee728b)  -> (artifact id: '6bff50e80f1e17eef5a40ed6c4641c14') in 0.022604 seconds 
========================================================================
Received Import Request.
  Time since last request: 0.000734 seconds.
  path: Assets/Packables/Sprites/Tiles/tileGrass_roadSplitS.png
  artifactKey: Guid(0d1eb6eb06f176b4c9c881e763eb8c9b) Importer(815301076,1909f56bfc062723c751e8b465ee728b)
Start importing Assets/Packables/Sprites/Tiles/tileGrass_roadSplitS.png using Guid(0d1eb6eb06f176b4c9c881e763eb8c9b) Importer(815301076,1909f56bfc062723c751e8b465ee728b)  -> (artifact id: '02057474809728b6911ff8f5b332dd5e') in 0.019248 seconds 
========================================================================
Received Import Request.
  Time since last request: 0.000654 seconds.
  path: Assets/Packables/Sprites/Tiles/tileSand2.png
  artifactKey: Guid(9e2e17519996a2b4d982c7caf05bdae3) Importer(815301076,1909f56bfc062723c751e8b465ee728b)
Start importing Assets/Packables/Sprites/Tiles/tileSand2.png using Guid(9e2e17519996a2b4d982c7caf05bdae3) Importer(815301076,1909f56bfc062723c751e8b465ee728b)  -> (artifact id: 'e55919431a34c187c2ba5217ce799a54') in 0.019469 seconds 
========================================================================
Received Import Request.
  Time since last request: 0.000744 seconds.
  path: Assets/Packables/Sprites/Tiles/tileSand1.png
  artifactKey: Guid(314fb935a834fb44c972fa950928d9f2) Importer(815301076,1909f56bfc062723c751e8b465ee728b)
Start importing Assets/Packables/Sprites/Tiles/tileSand1.png using Guid(314fb935a834fb44c972fa950928d9f2) Importer(815301076,1909f56bfc062723c751e8b465ee728b)  -> (artifact id: '7b0a39bf528a10e404c8131369a3b800') in 0.021264 seconds 
========================================================================
Received Import Request.
  Time since last request: 0.000612 seconds.
  path: Assets/Packables/Sprites/Tiles/tileGrass_roadCornerUL.png
  artifactKey: Guid(bd8299ff757c56f4793ac017408ec961) Importer(815301076,1909f56bfc062723c751e8b465ee728b)
Start importing Assets/Packables/Sprites/Tiles/tileGrass_roadCornerUL.png using Guid(bd8299ff757c56f4793ac017408ec961) Importer(815301076,1909f56bfc062723c751e8b465ee728b)  -> (artifact id: '9764bf72797ee14af1c3246ca092e2d9') in 0.022952 seconds 
========================================================================
Received Import Request.
  Time since last request: 0.000589 seconds.
  path: Assets/Packables/Sprites/Tiles/tileGrass_roadCornerUR.png
  artifactKey: Guid(ab87643b6f10711448d302070a09ce86) Importer(815301076,1909f56bfc062723c751e8b465ee728b)
Start importing Assets/Packables/Sprites/Tiles/tileGrass_roadCornerUR.png using Guid(ab87643b6f10711448d302070a09ce86) Importer(815301076,1909f56bfc062723c751e8b465ee728b)  -> (artifact id: '8c112c0f2dacbd964ad1bd317d932a90') in 0.021356 seconds 
========================================================================
Received Import Request.
  Time since last request: 0.000614 seconds.
  path: Assets/Packables/Sprites/Tiles/tileGrass_roadNorth.png
  artifactKey: Guid(16c5d68b05e7abb4394caf8c7a540147) Importer(815301076,1909f56bfc062723c751e8b465ee728b)
Start importing Assets/Packables/Sprites/Tiles/tileGrass_roadNorth.png using Guid(16c5d68b05e7abb4394caf8c7a540147) Importer(815301076,1909f56bfc062723c751e8b465ee728b)  -> (artifact id: '5757f7838afcb45ba80bd073a90a7fa3') in 0.020203 seconds 
========================================================================
Received Import Request.
  Time since last request: 0.000608 seconds.
  path: Assets/Packables/Sprites/Tiles/tileSand_roadSplitN.png
  artifactKey: Guid(05f8231a6c6520540aef540ca7bf5c5f) Importer(815301076,1909f56bfc062723c751e8b465ee728b)
Start importing Assets/Packables/Sprites/Tiles/tileSand_roadSplitN.png using Guid(05f8231a6c6520540aef540ca7bf5c5f) Importer(815301076,1909f56bfc062723c751e8b465ee728b)  -> (artifact id: '858ca80db6fd659e126e6bfc65a40759') in 0.020274 seconds 
========================================================================
Received Import Request.
  Time since last request: 0.000758 seconds.
  path: Assets/Packables/Sprites/Tiles/tileSand_roadSplitW.png
  artifactKey: Guid(53273af1d86836e4d935263d4fa99d1f) Importer(815301076,1909f56bfc062723c751e8b465ee728b)
Start importing Assets/Packables/Sprites/Tiles/tileSand_roadSplitW.png using Guid(53273af1d86836e4d935263d4fa99d1f) Importer(815301076,1909f56bfc062723c751e8b465ee728b)  -> (artifact id: '2e36950e392e17b7132fc7d4ef8ddcbd') in 0.019466 seconds 
========================================================================
Received Import Request.
  Time since last request: 0.000607 seconds.
  path: Assets/Packables/Sprites/Tiles/tileGrass_roadCornerLR.png
  artifactKey: Guid(38a24dc24d26eb14fa483ed2db65bcea) Importer(815301076,1909f56bfc062723c751e8b465ee728b)
Start importing Assets/Packables/Sprites/Tiles/tileGrass_roadCornerLR.png using Guid(38a24dc24d26eb14fa483ed2db65bcea) Importer(815301076,1909f56bfc062723c751e8b465ee728b)  -> (artifact id: '2381b71158d7fb15638affc3ffd58115') in 0.021784 seconds 
========================================================================
Received Import Request.
  Time since last request: 0.000750 seconds.
  path: Assets/Packables/Sprites/Tiles/tileSand_roadEast.png
  artifactKey: Guid(9a6ae8f2d2267b04ab9d7815d6dcc5fd) Importer(815301076,1909f56bfc062723c751e8b465ee728b)
Start importing Assets/Packables/Sprites/Tiles/tileSand_roadEast.png using Guid(9a6ae8f2d2267b04ab9d7815d6dcc5fd) Importer(815301076,1909f56bfc062723c751e8b465ee728b)  -> (artifact id: 'ccf3f7e82f5c09c210e7b4a76b0d1f37') in 0.021206 seconds 
========================================================================
Received Import Request.
  Time since last request: 0.000658 seconds.
  path: Assets/Packables/Sprites/Tiles/tileGrass_roadSplitE.png
  artifactKey: Guid(dfd21aebc6b59ee4c96a59bf8a72ecca) Importer(815301076,1909f56bfc062723c751e8b465ee728b)
Start importing Assets/Packables/Sprites/Tiles/tileGrass_roadSplitE.png using Guid(dfd21aebc6b59ee4c96a59bf8a72ecca) Importer(815301076,1909f56bfc062723c751e8b465ee728b)  -> (artifact id: 'bee4484e43710a1b553dd8a7ce139348') in 0.019514 seconds 
========================================================================
Received Import Request.
  Time since last request: 0.000601 seconds.
  path: Assets/Packables/Sprites/Tiles/tileGrass_roadEast.png
  artifactKey: Guid(dd50145dd6ae95f45ab4e05b509fa6f3) Importer(815301076,1909f56bfc062723c751e8b465ee728b)
Start importing Assets/Packables/Sprites/Tiles/tileGrass_roadEast.png using Guid(dd50145dd6ae95f45ab4e05b509fa6f3) Importer(815301076,1909f56bfc062723c751e8b465ee728b)  -> (artifact id: '62a372392f4cf447e6d2c1b5b294269e') in 0.020955 seconds 
========================================================================
Received Import Request.
  Time since last request: 0.000615 seconds.
  path: Assets/Packables/Sprites/Tiles/tileSand_roadNorth.png
  artifactKey: Guid(11e503cb1bccd564c8e8d76f8b6d5368) Importer(815301076,1909f56bfc062723c751e8b465ee728b)
Start importing Assets/Packables/Sprites/Tiles/tileSand_roadNorth.png using Guid(11e503cb1bccd564c8e8d76f8b6d5368) Importer(815301076,1909f56bfc062723c751e8b465ee728b)  -> (artifact id: '21b8530e526b20ac64142270ab482c9a') in 0.021216 seconds 
========================================================================
Received Import Request.
  Time since last request: 0.000651 seconds.
  path: Assets/Packables/Sprites/Tiles/tileSand_roadCrossing.png
  artifactKey: Guid(7e6d91dccebeeb341b73e592f6845ba8) Importer(815301076,1909f56bfc062723c751e8b465ee728b)
Start importing Assets/Packables/Sprites/Tiles/tileSand_roadCrossing.png using Guid(7e6d91dccebeeb341b73e592f6845ba8) Importer(815301076,1909f56bfc062723c751e8b465ee728b)  -> (artifact id: 'c6ea73eb5b4ba99e2c6609672a6f7fc4') in 0.021265 seconds 
========================================================================
Received Import Request.
  Time since last request: 248.899289 seconds.
  path: Assets/Packables/Sprites/Tiles/New Palette.prefab
  artifactKey: Guid(21f7f2d82da9a8b488355dd37815ebd6) Importer(815301076,1909f56bfc062723c751e8b465ee728b)
Start importing Assets/Packables/Sprites/Tiles/New Palette.prefab using Guid(21f7f2d82da9a8b488355dd37815ebd6) Importer(815301076,1909f56bfc062723c751e8b465ee728b)  -> (artifact id: '62b4b302fd0d7459c5a00b997bc7a570') in 0.066909 seconds 
========================================================================
Received Import Request.
  Time since last request: 1282.771412 seconds.
  path: Assets/Packables/TileMaps/Tiles/Fondo.prefab
  artifactKey: Guid(67ab7fa222dc9b34ea8eeb6d32258ba6) Importer(815301076,1909f56bfc062723c751e8b465ee728b)
Start importing Assets/Packables/TileMaps/Tiles/Fondo.prefab using Guid(67ab7fa222dc9b34ea8eeb6d32258ba6) Importer(815301076,1909f56bfc062723c751e8b465ee728b)  -> (artifact id: '71ea7ccf1b9de9bdb9e6b19f8ca2bd35') in 0.027103 seconds 
========================================================================
Received Import Request.
  Time since last request: 4.854935 seconds.
  path: Assets/Packables/TileMaps/Tiles/Fondo.prefab
  artifactKey: Guid(67ab7fa222dc9b34ea8eeb6d32258ba6) Importer(815301076,1909f56bfc062723c751e8b465ee728b)
Start importing Assets/Packables/TileMaps/Tiles/Fondo.prefab using Guid(67ab7fa222dc9b34ea8eeb6d32258ba6) Importer(815301076,1909f56bfc062723c751e8b465ee728b)  -> (artifact id: '924fac7ce51878a1a11af3641bfc0753') in 0.071900 seconds 
========================================================================
Received Import Request.
  Time since last request: 557.387630 seconds.
  path: Assets/Packables/Sprites/Tanks/Blue/tankBlue_barrel2_outline.png
  artifactKey: Guid(8ca94673f36a1cf4689dcc287c160114) Importer(815301076,1909f56bfc062723c751e8b465ee728b)
Start importing Assets/Packables/Sprites/Tanks/Blue/tankBlue_barrel2_outline.png using Guid(8ca94673f36a1cf4689dcc287c160114) Importer(815301076,1909f56bfc062723c751e8b465ee728b)  -> (artifact id: '51017a60b38c3efe06f34e1b436a87d0') in 0.023608 seconds 
========================================================================
Received Import Request.
  Time since last request: 0.000587 seconds.
  path: Assets/Packables/Sprites/Tanks/Blue/tankBody_blue_outline.png
  artifactKey: Guid(dae0551eefc5e364cb2afcd0a4a5fe24) Importer(815301076,1909f56bfc062723c751e8b465ee728b)
Start importing Assets/Packables/Sprites/Tanks/Blue/tankBody_blue_outline.png using Guid(dae0551eefc5e364cb2afcd0a4a5fe24) Importer(815301076,1909f56bfc062723c751e8b465ee728b)  -> (artifact id: '58bde20bf92680457e45fef9c00c7ec8') in 0.030638 seconds 
========================================================================
Received Prepare
Registering precompiled user dll's ...
Registered in 0.006325 seconds.
Begin MonoManager ReloadAssembly
Native extension for WindowsStandalone target not found
Native extension for WebGL target not found
Refreshing native plugins compatible for Editor in 1.07 ms, found 3 plugins.
Preloading 0 native plugins for Editor in 0.00 ms.
Mono: successfully reloaded assembly
- Completed reload, in  2.304 seconds
Domain Reload Profiling:
	ReloadAssembly (2307ms)
		BeginReloadAssembly (315ms)
			ExecutionOrderSort (0ms)
			DisableScriptedObjects (20ms)
			BackupInstance (0ms)
			ReleaseScriptingObjects (0ms)
			CreateAndSetChildDomain (120ms)
		EndReloadAssembly (1858ms)
			LoadAssemblies (205ms)
			RebuildTransferFunctionScriptingTraits (0ms)
			SetupTypeCache (582ms)
			ReleaseScriptCaches (1ms)
			RebuildScriptCaches (66ms)
			SetupLoadedEditorAssemblies (829ms)
				LogAssemblyErrors (0ms)
				InitializePlatformSupportModulesInManaged (17ms)
				SetLoadedEditorAssemblies (1ms)
				RefreshPlugins (1ms)
				BeforeProcessingInitializeOnLoad (191ms)
				ProcessInitializeOnLoadAttributes (584ms)
				ProcessInitializeOnLoadMethodAttributes (19ms)
				AfterProcessingInitializeOnLoad (14ms)
				EditorAssembliesLoaded (0ms)
			ExecutionOrderSort2 (0ms)
			AwakeInstancesAfterBackupRestoration (16ms)
Platform modules already initialized, skipping
Refreshing native plugins compatible for Editor in 0.60 ms, found 3 plugins.
Preloading 0 native plugins for Editor in 0.00 ms.
Unloading 2196 Unused Serialized files (Serialized files now loaded: 0)
System memory in use before: 100.1 MB.
System memory in use after: 100.1 MB.

Unloading 20 unused Assets to reduce memory usage. Loaded Objects now: 2650.
Total: 4.824500 ms (FindLiveObjects: 0.239700 ms CreateObjectMapping: 0.082000 ms MarkObjects: 4.282800 ms  DeleteObjects: 0.218500 ms)

AssetImportParameters requested are different than current active one (requested -> active):
  custom:framework-win-MediaFoundation: 216162199b28c13a410421893ffa2e32 -> 
  custom:video-decoder-ogg-theora: a1e56fd34408186e4bbccfd4996cb3dc -> 
  custom:container-muxer-webm: aa71ff27fc2769a1b78a27578f13a17b -> 
  custom:container-demuxer-webm: 4f35f7cbe854078d1ac9338744f61a02 -> 
  custom:container-demuxer-ogg: 62fdf1f143b41e24485cea50d1cbac27 -> 
  custom:video-encoder-webm-vp8: eb34c28f22e8b96e1ab97ce403110664 -> 
  custom:video-decoder-webm-vp8: 9c59270c3fd7afecdb556c50c9e8de78 -> 
  custom:audio-decoder-ogg-vorbis: bf7c407c2cedff20999df2af8eb42d56 -> 
  custom:audio-encoder-webm-vorbis: bf7c407c2cedff20999df2af8eb42d56 -> 
========================================================================
Received Prepare
Registering precompiled user dll's ...
Registered in 0.009095 seconds.
Begin MonoManager ReloadAssembly
Native extension for WindowsStandalone target not found
Native extension for WebGL target not found
Refreshing native plugins compatible for Editor in 0.83 ms, found 3 plugins.
Preloading 0 native plugins for Editor in 0.00 ms.
Mono: successfully reloaded assembly
- Completed reload, in  2.317 seconds
Domain Reload Profiling:
	ReloadAssembly (2319ms)
		BeginReloadAssembly (374ms)
			ExecutionOrderSort (0ms)
			DisableScriptedObjects (24ms)
			BackupInstance (0ms)
			ReleaseScriptingObjects (0ms)
			CreateAndSetChildDomain (113ms)
		EndReloadAssembly (1812ms)
			LoadAssemblies (217ms)
			RebuildTransferFunctionScriptingTraits (0ms)
			SetupTypeCache (662ms)
			ReleaseScriptCaches (1ms)
			RebuildScriptCaches (88ms)
			SetupLoadedEditorAssemblies (705ms)
				LogAssemblyErrors (0ms)
				InitializePlatformSupportModulesInManaged (14ms)
				SetLoadedEditorAssemblies (1ms)
				RefreshPlugins (1ms)
				BeforeProcessingInitializeOnLoad (128ms)
				ProcessInitializeOnLoadAttributes (510ms)
				ProcessInitializeOnLoadMethodAttributes (27ms)
				AfterProcessingInitializeOnLoad (23ms)
				EditorAssembliesLoaded (0ms)
			ExecutionOrderSort2 (0ms)
			AwakeInstancesAfterBackupRestoration (22ms)
Platform modules already initialized, skipping
Refreshing native plugins compatible for Editor in 0.90 ms, found 3 plugins.
Preloading 0 native plugins for Editor in 0.00 ms.
Unloading 2196 Unused Serialized files (Serialized files now loaded: 0)
System memory in use before: 100.2 MB.
System memory in use after: 100.1 MB.

Unloading 20 unused Assets to reduce memory usage. Loaded Objects now: 2653.
Total: 6.617100 ms (FindLiveObjects: 0.498400 ms CreateObjectMapping: 0.180500 ms MarkObjects: 5.644500 ms  DeleteObjects: 0.291900 ms)

AssetImportParameters requested are different than current active one (requested -> active):
  custom:framework-win-MediaFoundation: 216162199b28c13a410421893ffa2e32 -> 
  custom:video-decoder-ogg-theora: a1e56fd34408186e4bbccfd4996cb3dc -> 
  custom:container-muxer-webm: aa71ff27fc2769a1b78a27578f13a17b -> 
  custom:container-demuxer-webm: 4f35f7cbe854078d1ac9338744f61a02 -> 
  custom:container-demuxer-ogg: 62fdf1f143b41e24485cea50d1cbac27 -> 
  custom:video-encoder-webm-vp8: eb34c28f22e8b96e1ab97ce403110664 -> 
  custom:video-decoder-webm-vp8: 9c59270c3fd7afecdb556c50c9e8de78 -> 
  custom:audio-decoder-ogg-vorbis: bf7c407c2cedff20999df2af8eb42d56 -> 
  custom:audio-encoder-webm-vorbis: bf7c407c2cedff20999df2af8eb42d56 -> 
